<?xml version="1.0" encoding="UTF-8"?>
<!-- Generated by org.testng.reporters.JUnitReportReporter -->
<testsuite hostname="Vaibhav-HP" failures="0" tests="1" name="allureReport.Testcase1" time="0.003" errors="0" timestamp="2024-07-05T23:04:17 IST" skipped="0">
  <testcase classname="allureReport.Testcase1" name="testmethod2" time="0.003"/>
</testsuite> <!-- allureReport.Testcase1 -->
